Traceback (most recent call last):
  File "<frozen runpy>", line 198, in _run_module_as_main
  File "<frozen runpy>", line 88, in _run_code
  File "/Users/liuenyi/Documents/Tusihua/Codes/liuenyi.com/photo/backend/venv/lib/python3.11/site-packages/uvicorn/__main__.py", line 4, in <module>
    uvicorn.main()
  File "/Users/liuenyi/Documents/Tusihua/Codes/liuenyi.com/photo/backend/venv/lib/python3.11/site-packages/click/core.py", line 1442, in __call__
    return self.main(*args, **kwargs)
           ^^^^^^^^^^^^^^^^^^^^^^^^^^
  File "/Users/liuenyi/Documents/Tusihua/Codes/liuenyi.com/photo/backend/venv/lib/python3.11/site-packages/click/core.py", line 1363, in main
    rv = self.invoke(ctx)
         ^^^^^^^^^^^^^^^^
  File "/Users/liuenyi/Documents/Tusihua/Codes/liuenyi.com/photo/backend/venv/lib/python3.11/site-packages/click/core.py", line 1226, in invoke
    return ctx.invoke(self.callback, **ctx.params)
           ^^^^^^^^^^^^^^^^^^^^^^^^^^^^^^^^^^^^^^^
  File "/Users/liuenyi/Documents/Tusihua/Codes/liuenyi.com/photo/backend/venv/lib/python3.11/site-packages/click/core.py", line 794, in invoke
    return callback(*args, **kwargs)
           ^^^^^^^^^^^^^^^^^^^^^^^^^
  File "/Users/liuenyi/Documents/Tusihua/Codes/liuenyi.com/photo/backend/venv/lib/python3.11/site-packages/uvicorn/main.py", line 416, in main
    run(
  File "/Users/liuenyi/Documents/Tusihua/Codes/liuenyi.com/photo/backend/venv/lib/python3.11/site-packages/uvicorn/main.py", line 587, in run
    server.run()
  File "/Users/liuenyi/Documents/Tusihua/Codes/liuenyi.com/photo/backend/venv/lib/python3.11/site-packages/uvicorn/server.py", line 61, in run
    return asyncio.run(self.serve(sockets=sockets))
           ^^^^^^^^^^^^^^^^^^^^^^^^^^^^^^^^^^^^^^^^
  File "/Users/liuenyi/.pyenv/versions/3.11.8/lib/python3.11/asyncio/runners.py", line 190, in run
    return runner.run(main)
           ^^^^^^^^^^^^^^^^
  File "/Users/liuenyi/.pyenv/versions/3.11.8/lib/python3.11/asyncio/runners.py", line 118, in run
    return self._loop.run_until_complete(task)
           ^^^^^^^^^^^^^^^^^^^^^^^^^^^^^^^^^^^
  File "uvloop/loop.pyx", line 1518, in uvloop.loop.Loop.run_until_complete
  File "/Users/liuenyi/Documents/Tusihua/Codes/liuenyi.com/photo/backend/venv/lib/python3.11/site-packages/uvicorn/server.py", line 68, in serve
    config.load()
  File "/Users/liuenyi/Documents/Tusihua/Codes/liuenyi.com/photo/backend/venv/lib/python3.11/site-packages/uvicorn/config.py", line 467, in load
    self.loaded_app = import_from_string(self.app)
                      ^^^^^^^^^^^^^^^^^^^^^^^^^^^^
  File "/Users/liuenyi/Documents/Tusihua/Codes/liuenyi.com/photo/backend/venv/lib/python3.11/site-packages/uvicorn/importer.py", line 21, in import_from_string
    module = importlib.import_module(module_str)
             ^^^^^^^^^^^^^^^^^^^^^^^^^^^^^^^^^^^
  File "/Users/liuenyi/.pyenv/versions/3.11.8/lib/python3.11/importlib/__init__.py", line 126, in import_module
    return _bootstrap._gcd_import(name[level:], package, level)
           ^^^^^^^^^^^^^^^^^^^^^^^^^^^^^^^^^^^^^^^^^^^^^^^^^^^^
  File "<frozen importlib._bootstrap>", line 1204, in _gcd_import
  File "<frozen importlib._bootstrap>", line 1176, in _find_and_load
  File "<frozen importlib._bootstrap>", line 1147, in _find_and_load_unlocked
  File "<frozen importlib._bootstrap>", line 690, in _load_unlocked
  File "<frozen importlib._bootstrap_external>", line 940, in exec_module
  File "<frozen importlib._bootstrap>", line 241, in _call_with_frames_removed
  File "/Users/liuenyi/Documents/Tusihua/Codes/liuenyi.com/photo/backend/main.py", line 55, in <module>
    app.mount("../uploads", StaticFiles(directory="uploads"), name="uploads")
  File "/Users/liuenyi/Documents/Tusihua/Codes/liuenyi.com/photo/backend/venv/lib/python3.11/site-packages/starlette/applications.py", line 130, in mount
    self.router.mount(path, app=app, name=name)
  File "/Users/liuenyi/Documents/Tusihua/Codes/liuenyi.com/photo/backend/venv/lib/python3.11/site-packages/starlette/routing.py", line 755, in mount
    route = Mount(path, app=app, name=name)
            ^^^^^^^^^^^^^^^^^^^^^^^^^^^^^^^
  File "/Users/liuenyi/Documents/Tusihua/Codes/liuenyi.com/photo/backend/venv/lib/python3.11/site-packages/starlette/routing.py", line 364, in __init__
    assert path == "" or path.startswith("/"), "Routed paths must start with '/'"
           ^^^^^^^^^^
AssertionError: Routed paths must start with '/'
INFO:     Started server process [15354]
INFO:     Waiting for application startup.
INFO:     Application startup complete.
ERROR:    [Errno 48] error while attempting to bind on address ('0.0.0.0', 8000): address already in use
INFO:     Waiting for application shutdown.
INFO:     Application shutdown complete.
INFO:     Started server process [15510]
INFO:     Waiting for application startup.
INFO:     Application startup complete.
INFO:     Uvicorn running on http://0.0.0.0:8000 (Press CTRL+C to quit)
